0 info it worked if it ends with ok
1 verbose cli [ 'C:\\Program Files\\nodejs\\node.exe',
1 verbose cli   'C:\\Program Files\\nodejs\\node_modules\\npm\\bin\\npm-cli.js',
1 verbose cli   'run',
1 verbose cli   'sandbox' ]
2 info using npm@3.10.10
3 info using node@v6.9.5
4 verbose run-script [ 'presandbox', 'sandbox', 'postsandbox' ]
5 info lifecycle ag-grid-column-composer@14.0.0~presandbox: ag-grid-column-composer@14.0.0
6 silly lifecycle ag-grid-column-composer@14.0.0~presandbox: no script for presandbox, continuing
7 info lifecycle ag-grid-column-composer@14.0.0~sandbox: ag-grid-column-composer@14.0.0
8 verbose lifecycle ag-grid-column-composer@14.0.0~sandbox: unsafe-perm in lifecycle true
9 verbose lifecycle ag-grid-column-composer@14.0.0~sandbox: PATH: C:\Program Files\nodejs\node_modules\npm\bin\node-gyp-bin;D:\Work\sources\spikes\ag-grid-column-composer\node_modules\.bin;.;C:\Java\jdk1.8.0_51/bin;C:\apache-maven-3.3.3/bin;%GRADLE_HOME%/bin;C:\oracle\product\10.2.0\client_1\bin;C:\Windows\system32;C:\Windows;C:\Windows\System32\Wbem;C:\Windows\System32\WindowsPowerShell\v1.0\;C:\Program Files\Curl;C:\Program Files (x86)\ATI Technologies\ATI.ACE\Core-Static;C:\Windows\System32\WindowsPowerShell\v1.0\;C:\Program Files\TortoiseHg\;C:\Program Files\TortoiseSVN\bin;C:\Windows\System32\WindowsPowerShell\v1.0\;C:\Program Files (x86)\Enterprise Vault\EVClient\;C:\ProgramData\Oracle\Java\javapath;C:\Program Files\Git\cmd;C:\Program Files\Git\mingw64\bin;C:\Program Files\Git\usr\bin;C:\Program Files (x86)\MySQL\MySQL Fabric 1.5 & MySQL Utilities 1.5\;C:\Program Files (x86)\MySQL\MySQL Fabric 1.5 & MySQL Utilities 1.5\Doctrine extensions for PHP\;C:\Program Files\nodejs\;c:\Program Files\TortoiseGit\bin;C:\Go\bin;C:\mwlib\markitwire\12.2.265269;.;C:\Java\jdk1.8.0_51/bin;C:\apache-maven-3.3.3/bin;%GRADLE_HOME%/bin;C:\oracle\product\10.2.0\client_1\bin;C:\Windows\system32;C:\Windows;C:\Windows\System32\Wbem;C:\Windows\System32\WindowsPowerShell\v1.0\;C:\Program Files\Curl;C:\Program Files (x86)\ATI Technologies\ATI.ACE\Core-Static;C:\Windows\System32\WindowsPowerShell\v1.0\;C:\Program Files\TortoiseHg\;C:\Program Files\TortoiseSVN\bin;C:\Windows\System32\WindowsPowerShell\v1.0\;C:\Program Files (x86)\Enterprise Vault\EVClient\;C:\ProgramData\Oracle\Java\javapath;C:\Program Files\Git\cmd;C:\Program Files\Git\mingw64\bin;C:\Program Files\Git\usr\bin;C:\Program Files (x86)\MySQL\MySQL Fabric 1.5 & MySQL Utilities 1.5\;C:\Program Files (x86)\MySQL\MySQL Fabric 1.5 & MySQL Utilities 1.5\Doctrine extensions for PHP\;C:\Program Files\nodejs\;c:\Program Files\TortoiseGit\bin;C:\Go\bin;C:\Program Files (x86)\Nmap;C:\Users\akash.pandey\AppData\Roaming\npm;C:\Program Files\Microsoft VS Code\bin;C:\gradle-2.12/bin
10 verbose lifecycle ag-grid-column-composer@14.0.0~sandbox: CWD: D:\Work\sources\spikes\ag-grid-column-composer
11 silly lifecycle ag-grid-column-composer@14.0.0~sandbox: Args: [ '/d /s /c', 'cd ./sandbox && webpack --watch --watch-poll' ]
12 silly lifecycle ag-grid-column-composer@14.0.0~sandbox: Returned: code: 3221225786  signal: null
13 info lifecycle ag-grid-column-composer@14.0.0~sandbox: Failed to exec sandbox script
14 verbose stack Error: ag-grid-column-composer@14.0.0 sandbox: `cd ./sandbox && webpack --watch --watch-poll`
14 verbose stack Exit status 3221225786
14 verbose stack     at EventEmitter.<anonymous> (C:\Program Files\nodejs\node_modules\npm\lib\utils\lifecycle.js:255:16)
14 verbose stack     at emitTwo (events.js:106:13)
14 verbose stack     at EventEmitter.emit (events.js:191:7)
14 verbose stack     at ChildProcess.<anonymous> (C:\Program Files\nodejs\node_modules\npm\lib\utils\spawn.js:40:14)
14 verbose stack     at emitTwo (events.js:106:13)
14 verbose stack     at ChildProcess.emit (events.js:191:7)
14 verbose stack     at maybeClose (internal/child_process.js:877:16)
14 verbose stack     at Process.ChildProcess._handle.onexit (internal/child_process.js:226:5)
15 verbose pkgid ag-grid-column-composer@14.0.0
16 verbose cwd D:\Work\sources\spikes\ag-grid-column-composer
17 error Windows_NT 6.1.7601
18 error argv "C:\\Program Files\\nodejs\\node.exe" "C:\\Program Files\\nodejs\\node_modules\\npm\\bin\\npm-cli.js" "run" "sandbox"
19 error node v6.9.5
20 error npm  v3.10.10
21 error code ELIFECYCLE
22 error ag-grid-column-composer@14.0.0 sandbox: `cd ./sandbox && webpack --watch --watch-poll`
22 error Exit status 3221225786
23 error Failed at the ag-grid-column-composer@14.0.0 sandbox script 'cd ./sandbox && webpack --watch --watch-poll'.
23 error Make sure you have the latest version of node.js and npm installed.
23 error If you do, this is most likely a problem with the ag-grid-column-composer package,
23 error not with npm itself.
23 error Tell the author that this fails on your system:
23 error     cd ./sandbox && webpack --watch --watch-poll
23 error You can get information on how to open an issue for this project with:
23 error     npm bugs ag-grid-column-composer
23 error Or if that isn't available, you can get their info via:
23 error     npm owner ls ag-grid-column-composer
23 error There is likely additional logging output above.
24 verbose exit [ 1, true ]
